Refreshing org.springframework.context.annotation.AnnotationConfigApplicationContext@654f0d9c
Creating shared instance of singleton bean 'org.springframework.context.annotation.internalConfigurationAnnotationProcessor'
Identified candidate component class: file [/Users/eora21/Desktop/nhn/homeworks/water_bill/target/classes/com/nhnacademy/edu/springframework/water_bill/aop/TimeLogAop.class]
Identified candidate component class: file [/Users/eora21/Desktop/nhn/homeworks/water_bill/target/classes/com/nhnacademy/edu/springframework/water_bill/parser/CsvDataParser.class]
Identified candidate component class: file [/Users/eora21/Desktop/nhn/homeworks/water_bill/target/classes/com/nhnacademy/edu/springframework/water_bill/parser/JsonDataParser.class]
Identified candidate component class: file [/Users/eora21/Desktop/nhn/homeworks/water_bill/target/classes/com/nhnacademy/edu/springframework/water_bill/repository/BillRepositoryImpl.class]
Identified candidate component class: file [/Users/eora21/Desktop/nhn/homeworks/water_bill/target/classes/com/nhnacademy/edu/springframework/water_bill/service/BillServiceImpl.class]
Identified candidate component class: file [/Users/eora21/Desktop/nhn/homeworks/water_bill/target/classes/com/nhnacademy/edu/springframework/water_bill/view/ReportImpl.class]
Creating shared instance of singleton bean 'org.springframework.context.event.internalEventListenerProcessor'
Creating shared instance of singleton bean 'org.springframework.context.event.internalEventListenerFactory'
Creating shared instance of singleton bean 'org.springframework.context.annotation.internalAutowiredAnnotationProcessor'
Creating shared instance of singleton bean 'org.springframework.context.annotation.internalCommonAnnotationProcessor'
Creating shared instance of singleton bean 'org.springframework.aop.config.internalAutoProxyCreator'
Creating shared instance of singleton bean 'springConfig'
Found AspectJ method: public java.lang.Object com.nhnacademy.edu.springframework.water_bill.aop.TimeLogAop.timeLog(org.aspectj.lang.ProceedingJoinPoint) throws java.lang.Throwable
Creating shared instance of singleton bean 'timeLogAop'
Creating shared instance of singleton bean 'csvDataParser'
Creating shared instance of singleton bean 'jsonDataParser'
Creating shared instance of singleton bean 'billRepositoryImpl'
Autowiring by type from bean name 'billRepositoryImpl' via constructor to bean named 'csvDataParser'
Autowiring by type from bean name 'billRepositoryImpl' via constructor to bean named 'jsonDataParser'
CsvDataParser.getExtension 22ms
JsonDataParser.getExtension 18ms
Creating shared instance of singleton bean 'billServiceImpl'
Autowiring by type from bean name 'billServiceImpl' via constructor to bean named 'billRepositoryImpl'
Creating shared instance of singleton bean 'reportImpl'
CsvDataParser.parse 16ms
BillRepositoryImpl.load 27ms
사용량을 입력해주세요(종료: q).
BillRepositoryImpl.findChargesBasedOnUsage 1ms
BillServiceImpl.calculate 58ms
ReportImpl.WaterBillVo(city=고령군, sector=공업용, unitPrice=370, billTotal=370000)
ReportImpl.WaterBillVo(city=통영시, sector=원정수판매용, unitPrice=413, billTotal=413000)
ReportImpl.WaterBillVo(city=함평군, sector=임시용(상), unitPrice=433, billTotal=433000)
ReportImpl.WaterBillVo(city=장흥군, sector=임시용(상), unitPrice=433, billTotal=433000)
ReportImpl.WaterBillVo(city=완도군, sector=임시용(상), unitPrice=433, billTotal=433000)
ReportImpl.showResult 31ms
사용량을 입력해주세요(종료: q).
BillRepositoryImpl.findChargesBasedOnUsage 3ms
BillServiceImpl.calculate 5ms
ReportImpl.WaterBillVo(city=고령군, sector=공업용, unitPrice=370, billTotal=740000)
ReportImpl.WaterBillVo(city=통영시, sector=원정수판매용, unitPrice=413, billTotal=826000)
ReportImpl.WaterBillVo(city=함평군, sector=임시용(상), unitPrice=433, billTotal=866000)
ReportImpl.WaterBillVo(city=장흥군, sector=임시용(상), unitPrice=433, billTotal=866000)
ReportImpl.WaterBillVo(city=완도군, sector=임시용(상), unitPrice=433, billTotal=866000)
ReportImpl.showResult 2ms
사용량을 입력해주세요(종료: q).
BillRepositoryImpl.findChargesBasedOnUsage 0ms
BillServiceImpl.calculate 0ms
ReportImpl.WaterBillVo(city=고령군, sector=공업용, unitPrice=370, billTotal=1110000)
ReportImpl.WaterBillVo(city=통영시, sector=원정수판매용, unitPrice=413, billTotal=1239000)
ReportImpl.WaterBillVo(city=함평군, sector=임시용(상), unitPrice=433, billTotal=1299000)
ReportImpl.WaterBillVo(city=장흥군, sector=임시용(상), unitPrice=433, billTotal=1299000)
ReportImpl.WaterBillVo(city=완도군, sector=임시용(상), unitPrice=433, billTotal=1299000)
ReportImpl.showResult 1ms
사용량을 입력해주세요(종료: q).
사용량을 입력해주세요(종료: q).
ReportImpl.WaterBillVo(city=고령군, sector=공업용, unitPrice=370, billTotal=370000)
ReportImpl.WaterBillVo(city=통영시, sector=원정수판매용, unitPrice=413, billTotal=413000)
ReportImpl.WaterBillVo(city=함평군, sector=임시용(상), unitPrice=433, billTotal=433000)
ReportImpl.WaterBillVo(city=나주시, sector=임시용(상), unitPrice=433, billTotal=433000)
ReportImpl.WaterBillVo(city=완도군, sector=임시용(상), unitPrice=433, billTotal=433000)
사용량을 입력해주세요(종료: q).
